<?xml version="1.0" encoding="UTF-8"?>
<!-- Generated by org.testng.reporters.JUnitReportReporter -->
<testsuite hostname="deepak" name="com.ratecity.homeloan.automationFramework.test.Homepage_Test" tests="1" failures="0" timestamp="9 Nov 2016 06:05:18 GMT" time="62.916" errors="0">
  <testcase name="fn_VerifyHomeLoanLandingPage" time="62.916" classname="com.ratecity.homeloan.automationFramework.test.Homepage_Test"/>
</testsuite> <!-- com.ratecity.homeloan.automationFramework.test.Homepage_Test -->
